Flutter crash report; please file at https://github.com/flutter/flutter/issues.

## command

flutter --no-color run --machine --track-widget-creation --device-id=75aea9fd48fd4a490044ba9e0f199d0ede60d3d5 lib/main.dart

## exception

FormatException: FormatException: Unexpected character (at character 1)
Install Started
^


```
#0      _ChunkedJsonParser.fail (dart:convert/runtime/lib/convert_patch.dart:1392:5)
#1      _ChunkedJsonParser.parseNumber (dart:convert/runtime/lib/convert_patch.dart:1259:9)
#2      _ChunkedJsonParser.parse (dart:convert/runtime/lib/convert_patch.dart:924:22)
#3      _parseJson (dart:convert/runtime/lib/convert_patch.dart:29:10)
#4      JsonDecoder.convert (dart:convert/json.dart:491:36)
#5      JsonCodec.decode (dart:convert/json.dart:149:41)
#6      SimControl._list (package:flutter_tools/src/ios/simulators.dart:88:17)
#7      SimControl.getDevices (package:flutter_tools/src/ios/simulators.dart:95:49)
#8      SimControl.getConnectedDevices (package:flutter_tools/src/ios/simulators.dart:109:12)
#9      IOSSimulatorUtils.getAttachedDevices (package:flutter_tools/src/ios/simulators.dart:49:32)
#10     IOSSimulators.pollingGetDevices (package:flutter_tools/src/ios/simulators.dart:38:80)
<asynchronous suspension>
#11     PollingDeviceDiscovery.devices (package:flutter_tools/src/device.dart:186:52)
<asynchronous suspension>
#12     DeviceManager.getAllConnectedDevices (package:flutter_tools/src/device.dart:114:46)
<asynchronous suspension>
#13     DeviceManager.getDevicesById (package:flutter_tools/src/device.dart:79:40)
<asynchronous suspension>
#14     DeviceManager.getDevices (package:flutter_tools/src/device.dart:103:11)
#15     FlutterCommand.findAllTargetDevices (package:flutter_tools/src/runner/flutter_command.dart:567:48)
<asynchronous suspension>
#16     RunCommand.validateCommand (package:flutter_tools/src/commands/run.dart:240:21)
<asynchronous suspension>
#17     FlutterCommand.verifyThenRunCommand (package:flutter_tools/src/runner/flutter_command.dart:529:11)
<asynchronous suspension>
#18     FlutterCommand.run.<anonymous closure> (package:flutter_tools/src/runner/flutter_command.dart:486:33)
<asynchronous suspension>
#19     AppContext.run.<anonymous closure> (package:flutter_tools/src/base/context.dart:142:29)
<asynchronous suspension>
#20     _rootRun (dart:async/zone.dart:1124:13)
#21     _CustomZone.run (dart:async/zone.dart:1021:19)
#22     _runZoned (dart:async/zone.dart:1516:10)
#23     runZoned (dart:async/zone.dart:1463:12)
#24     AppContext.run (package:flutter_tools/src/base/context.dart:141:18)
<asynchronous suspension>
#25     FlutterCommand.run (package:flutter_tools/src/runner/flutter_command.dart:477:20)
#26     CommandRunner.runCommand (package:args/command_runner.dart:196:27)
<asynchronous suspension>
#27     FlutterCommandRunner.runCommand.<anonymous closure> (package:flutter_tools/src/runner/flutter_command_runner.dart:396:21)
<asynchronous suspension>
#28     AppContext.run.<anonymous closure> (package:flutter_tools/src/base/context.dart:142:29)
<asynchronous suspension>
#29     _rootRun (dart:async/zone.dart:1124:13)
#30     _CustomZone.run (dart:async/zone.dart:1021:19)
#31     _runZoned (dart:async/zone.dart:1516:10)
#32     runZoned (dart:async/zone.dart:1463:12)
#33     AppContext.run (package:flutter_tools/src/base/context.dart:141:18)
<asynchronous suspension>
#34     FlutterCommandRunner.runCommand (package:flutter_tools/src/runner/flutter_command_runner.dart:356:19)
<asynchronous suspension>
#35     CommandRunner.run.<anonymous closure> (package:args/command_runner.dart:111:29)
#36     new Future.sync (dart:async/future.dart:224:31)
#37     CommandRunner.run (package:args/command_runner.dart:111:11)
#38     FlutterCommandRunner.run (package:flutter_tools/src/runner/flutter_command_runner.dart:242:18)
#39     run.<anonymous closure> (package:flutter_tools/runner.dart:60:20)
<asynchronous suspension>
#40     AppContext.run.<anonymous closure> (package:flutter_tools/src/base/context.dart:142:29)
<asynchronous suspension>
#41     _rootRun (dart:async/zone.dart:1124:13)
#42     _CustomZone.run (dart:async/zone.dart:1021:19)
#43     _runZoned (dart:async/zone.dart:1516:10)
#44     runZoned (dart:async/zone.dart:1463:12)
#45     AppContext.run (package:flutter_tools/src/base/context.dart:141:18)
<asynchronous suspension>
#46     runInContext (package:flutter_tools/src/context_runner.dart:51:24)
<asynchronous suspension>
#47     run (package:flutter_tools/runner.dart:51:10)
#48     main (package:flutter_tools/executable.dart:59:9)
<asynchronous suspension>
#49     main (file:///Users/TuanLinh/code/flutter/packages/flutter_tools/bin/flutter_tools.dart:8:3)
#50     _startIsolate.<anonymous closure> (dart:isolate/runtime/lib/isolate_patch.dart:298:32)
#51     _RawReceivePortImpl._handleMessage (dart:isolate/runtime/lib/isolate_patch.dart:171:12)
```

## flutter doctor

```
[✓] Flutter (Channel beta, v1.3.8, on Mac OS X 10.14.3 18D109, locale en-US)
    • Flutter version 1.3.8 at /Users/TuanLinh/Code/flutter
    • Framework revision e5b1ed7a7f (4 weeks ago), 2019-03-06 14:23:37 -0800
    • Engine revision f4951df193
    • Dart version 2.2.1 (build 2.2.1-dev.0.0 571ea80e11)

[✓] Android toolchain - develop for Android devices (Android SDK version 28.0.3)
    • Android SDK at /Users/TuanLinh/Library/Android/sdk
    • Android NDK location not configured (optional; useful for native profiling support)
    • Platform android-28, build-tools 28.0.3
    • Java binary at: /Applications/Android Studio.app/Contents/jre/jdk/Contents/Home/bin/java
    • Java version OpenJDK Runtime Environment (build 1.8.0_152-release-1248-b01)
    • All Android licenses accepted.

[✓] iOS toolchain - develop for iOS devices (Xcode 10.2)
    • Xcode at /Applications/Xcode.app/Contents/Developer
    • Xcode 10.2, Build version 10E125
    • ios-deploy 1.9.4
    • CocoaPods version 1.6.1

[✓] Android Studio (version 3.3)
    • Android Studio at /Applications/Android Studio.app/Contents
    • Flutter plugin version 33.4.1
    • Dart plugin version 182.5215
    • Java version OpenJDK Runtime Environment (build 1.8.0_152-release-1248-b01)

[✓] IntelliJ IDEA Ultimate Edition (version 2019.1)
    • IntelliJ at /Applications/IntelliJ IDEA.app
    • Flutter plugin version 34.0.4
    • Dart plugin version 191.6183.87

[✓] Connected device (1 available)
    • TUANLINH’s iPhone • 75aea9fd48fd4a490044ba9e0f199d0ede60d3d5 • ios • iOS 12.1.2

• No issues found!
```
