Flutter crash report; please file at https://github.com/flutter/flutter/issues.

## command

flutter --suppress-analytics build bundle --target-platform=ios --target=/Users/tuanlinh/Documents/code/hueg/lib/main.dart --debug --depfile=build/snapshot_blob.bin.d --asset-dir=/Users/tuanlinh/Documents/code/hueg/ios/Flutter/App.framework/flutter_assets --track-widget-creation

## exception

NoSuchMethodError: NoSuchMethodError: The getter 'length' was called on null.
Receiver: null
Tried calling: length

```
#0      Object.noSuchMethod (dart:core/runtime/lib/object_patch.dart:50:5)
#1      _Uri._uriEncode (dart:core/runtime/lib/uri_patch.dart:44:23)
#2      Uri.encodeFull (dart:core/uri.dart:1145:17)
#3      MappedListIterable.elementAt (dart:_internal/iterable.dart:414:29)
#4      MappedListIterable.elementAt (dart:_internal/iterable.dart:414:40)
#5      ListIterable.toList (dart:_internal/iterable.dart:219:19)
#6      FlutterManifest.assets (package:flutter_tools/src/flutter_manifest.dart:183:11)
#7      _parseAssets (package:flutter_tools/src/asset.dart:534:40)
#8      _ManifestAssetBundle.build (package:flutter_tools/src/asset.dart:127:53)
<asynchronous suspension>
#9      buildAssets (package:flutter_tools/src/bundle.dart:175:40)
<asynchronous suspension>
#10     build (package:flutter_tools/src/bundle.dart:144:36)
<asynchronous suspension>
#11     BuildBundleCommand.runCommand (package:flutter_tools/src/commands/build_bundle.dart:75:11)
<asynchronous suspension>
#12     FlutterCommand.verifyThenRunCommand (package:flutter_tools/src/runner/flutter_command.dart:549:18)
<asynchronous suspension>
#13     FlutterCommand.run.<anonymous closure> (package:flutter_tools/src/runner/flutter_command.dart:486:33)
<asynchronous suspension>
#14     AppContext.run.<anonymous closure> (package:flutter_tools/src/base/context.dart:142:29)
<asynchronous suspension>
#15     _rootRun (dart:async/zone.dart:1124:13)
#16     _CustomZone.run (dart:async/zone.dart:1021:19)
#17     _runZoned (dart:async/zone.dart:1516:10)
#18     runZoned (dart:async/zone.dart:1463:12)
#19     AppContext.run (package:flutter_tools/src/base/context.dart:141:18)
<asynchronous suspension>
#20     FlutterCommand.run (package:flutter_tools/src/runner/flutter_command.dart:477:20)
#21     CommandRunner.runCommand (package:args/command_runner.dart:196:27)
<asynchronous suspension>
#22     FlutterCommandRunner.runCommand.<anonymous closure> (package:flutter_tools/src/runner/flutter_command_runner.dart:396:21)
<asynchronous suspension>
#23     AppContext.run.<anonymous closure> (package:flutter_tools/src/base/context.dart:142:29)
<asynchronous suspension>
#24     _rootRun (dart:async/zone.dart:1124:13)
#25     _CustomZone.run (dart:async/zone.dart:1021:19)
#26     _runZoned (dart:async/zone.dart:1516:10)
#27     runZoned (dart:async/zone.dart:1463:12)
#28     AppContext.run (package:flutter_tools/src/base/context.dart:141:18)
<asynchronous suspension>
#29     FlutterCommandRunner.runCommand (package:flutter_tools/src/runner/flutter_command_runner.dart:356:19)
<asynchronous suspension>
#30     CommandRunner.run.<anonymous closure> (package:args/command_runner.dart:111:29)
#31     new Future.sync (dart:async/future.dart:224:31)
#32     CommandRunner.run (package:args/command_runner.dart:111:11)
#33     FlutterCommandRunner.run (package:flutter_tools/src/runner/flutter_command_runner.dart:242:18)
#34     run.<anonymous closure> (package:flutter_tools/runner.dart:60:20)
<asynchronous suspension>
#35     AppContext.run.<anonymous closure> (package:flutter_tools/src/base/context.dart:142:29)
<asynchronous suspension>
#36     _rootRun (dart:async/zone.dart:1124:13)
#37     _CustomZone.run (dart:async/zone.dart:1021:19)
#38     _runZoned (dart:async/zone.dart:1516:10)
#39     runZoned (dart:async/zone.dart:1463:12)
#40     AppContext.run (package:flutter_tools/src/base/context.dart:141:18)
<asynchronous suspension>
#41     runInContext (package:flutter_tools/src/context_runner.dart:51:24)
<asynchronous suspension>
#42     run (package:flutter_tools/runner.dart:51:10)
#43     main (package:flutter_tools/executable.dart:59:9)
<asynchronous suspension>
#44     main (file:///Users/tuanlinh/documents/code/flutter/packages/flutter_tools/bin/flutter_tools.dart:8:3)
#45     _startIsolate.<anonymous closure> (dart:isolate/runtime/lib/isolate_patch.dart:298:32)
#46     _RawReceivePortImpl._handleMessage (dart:isolate/runtime/lib/isolate_patch.dart:171:12)
```

## flutter doctor

```
[✓] Flutter (Channel beta, v1.3.8, on Mac OS X 10.13.6 17G65, locale en-VN)
    • Flutter version 1.3.8 at /Users/tuanlinh/Documents/code/Flutter
    • Framework revision e5b1ed7a7f (3 weeks ago), 2019-03-06 14:23:37 -0800
    • Engine revision f4951df193
    • Dart version 2.2.1 (build 2.2.1-dev.0.0 571ea80e11)

[✓] Android toolchain - develop for Android devices (Android SDK version 28.0.3)
    • Android SDK at /Users/tuanlinh/Library/Android/sdk
    • Android NDK location not configured (optional; useful for native profiling support)
    • Platform android-28, build-tools 28.0.3
    • Java binary at: /Applications/Android Studio.app/Contents/jre/jdk/Contents/Home/bin/java
    • Java version OpenJDK Runtime Environment (build 1.8.0_152-release-1248-b01)
    • All Android licenses accepted.

[✓] iOS toolchain - develop for iOS devices (Xcode 10.1)
    • Xcode at /Applications/Xcode.app/Contents/Developer
    • Xcode 10.1, Build version 10B61
    • ios-deploy 1.9.4
    • CocoaPods version 1.6.1

[✓] Android Studio (version 3.3)
    • Android Studio at /Applications/Android Studio.app/Contents
    • Flutter plugin version 33.4.1
    • Dart plugin version 182.5215
    • Java version OpenJDK Runtime Environment (build 1.8.0_152-release-1248-b01)

[✓] IntelliJ IDEA Ultimate Edition (version 2018.3.5)
    • IntelliJ at /Applications/IntelliJ IDEA.app
    • Flutter plugin version 33.4.2
    • Dart plugin version 183.5912.23

[✓] Connected device (2 available)
    • Mi A1             • 1f9560b10804                             • android-arm64 • Android 8.0.0 (API 26)
    • TUANLINH’s iPhone • 75aea9fd48fd4a490044ba9e0f199d0ede60d3d5 • ios           • iOS 12.1.2

• No issues found!
```
